<?xml version="1.0" encoding="UTF-8"?>
<!-- Generated by org.testng.reporters.JUnitReportReporter -->
<testsuite skipped="0" hostname="IN-SANGITASA" name="cucumberOption.TestRunner" tests="1" failures="0" timestamp="2020-10-28T21:41:55 IST" time="20.326" errors="0">
  <testcase name="feature" time="20.326" classname="cucumberOption.TestRunner"/>
  <system-out/>
</testsuite> <!-- cucumberOption.TestRunner -->
