<?xml version="1.0" encoding="UTF-8"?>
<!-- Generated by org.testng.reporters.JUnitReportReporter -->
<testsuite skipped="0" hostname="IN-SANGITASA" name="Product.TestMyStoreLogin" tests="4" failures="0" timestamp="2020-10-08T19:26:43 IST" time="32.187" errors="0">
  <testcase name="clickonSignin" time="5.400" classname="Product.TestMyStoreLogin"/>
  <system-out/>
  <testcase name="login" time="5.372" classname="Product.TestMyStoreLogin"/>
  <system-out/>
  <testcase name="ProductSelection" time="11.330" classname="Product.TestMyStoreLogin"/>
  <system-out/>
  <testcase name="productAddToCart" time="10.085" classname="Product.TestMyStoreLogin"/>
  <system-out/>
</testsuite> <!-- Product.TestMyStoreLogin -->
