<?xml version="1.0" encoding="UTF-8"?>
<!-- Generated by org.testng.reporters.JUnitReportReporter -->
<testsuite skipped="0" hostname="IN-SANGITASA" name="Product.ValidateMyStore" tests="4" failures="0" timestamp="2020-10-09T00:57:07 IST" time="21.309" errors="0">
  <testcase name="clickOnSignin" time="4.866" classname="Product.ValidateMyStore"/>
  <system-out/>
  <testcase name="login" time="3.457" classname="Product.ValidateMyStore"/>
  <system-out/>
  <testcase name="ProductSelection" time="8.120" classname="Product.ValidateMyStore"/>
  <system-out/>
  <testcase name="productAddToCart" time="4.866" classname="Product.ValidateMyStore"/>
  <system-out/>
</testsuite> <!-- Product.ValidateMyStore -->
