<?xml version="1.0" encoding="UTF-8"?>
<!-- Generated by org.testng.reporters.JUnitReportReporter -->
<testsuite skipped="0" hostname="IN-SANGITASA" name="Product.ValidateMyStore" tests="4" failures="0" timestamp="2020-10-09T01:02:26 IST" time="18.897" errors="0">
  <testcase name="clickOnSignin" time="3.395" classname="Product.ValidateMyStore"/>
  <system-out/>
  <testcase name="login" time="3.336" classname="Product.ValidateMyStore"/>
  <system-out/>
  <testcase name="ProductSelection" time="7.732" classname="Product.ValidateMyStore"/>
  <system-out/>
  <testcase name="productAddToCart" time="4.434" classname="Product.ValidateMyStore"/>
  <system-out/>
</testsuite> <!-- Product.ValidateMyStore -->
