<?xml version="1.0" encoding="UTF-8"?>
<!-- Generated by org.testng.reporters.JUnitReportReporter -->
<testsuite skipped="0" hostname="IN-SANGITASA" name="qaclickacademy.Mavenjava.SleniumTest" tests="2" failures="0" timestamp="2020-10-06T13:57:10 IST" time="0.013" errors="0">
  <testcase name="login" time="0.010" classname="qaclickacademy.Mavenjava.SleniumTest"/>
  <system-out/>
  <testcase name="logout" time="0.003" classname="qaclickacademy.Mavenjava.SleniumTest"/>
  <system-out/>
</testsuite> <!-- qaclickacademy.Mavenjava.SleniumTest -->
