<?xml version="1.0" encoding="UTF-8"?>
<!-- Generated by org.testng.reporters.JUnitReportReporter -->
<testsuite skipped="0" hostname="IN-SANGITASA" name="Academy.ValidateNavigationBar" tests="1" failures="0" timestamp="2020-10-06T19:07:05 IST" time="1.086" errors="0">
  <testcase name="NavBarValidation" time="1.086" classname="Academy.ValidateNavigationBar"/>
  <system-out/>
</testsuite> <!-- Academy.ValidateNavigationBar -->
