<?xml version="1.0" encoding="UTF-8"?>
<!-- Generated by org.testng.reporters.JUnitReportReporter -->
<testsuite skipped="0" hostname="IN-SANGITASA" name="qaclickacademy.Mavenjava.RestAPITTest" tests="1" failures="0" timestamp="2021-03-15T21:15:57 IST" time="0.000" errors="0">
  <testcase name="loginRestAPI" time="0.000" classname="qaclickacademy.Mavenjava.RestAPITTest"/>
  <system-out/>
</testsuite> <!-- qaclickacademy.Mavenjava.RestAPITTest -->
