<?xml version="1.0" encoding="UTF-8"?>
<!-- Generated by org.testng.reporters.JUnitReportReporter -->
<testsuite skipped="0" hostname="IN-SANGITASA" name="qaclickacademy.Mavenjava.SleniumTest" tests="1" failures="0" timestamp="2021-03-15T21:15:57 IST" time="0.007" errors="0">
  <testcase name="logout" time="0.007" classname="qaclickacademy.Mavenjava.SleniumTest"/>
  <system-out/>
</testsuite> <!-- qaclickacademy.Mavenjava.SleniumTest -->
