<?xml version="1.0" encoding="UTF-8"?>
<!-- Generated by org.testng.reporters.JUnitReportReporter -->
<testsuite skipped="0" hostname="IN-SANGITASA" name="Test.Day2" tests="3" failures="0" timestamp="2021-02-26T00:29:48 IST" time="0.019" errors="0">
  <testcase name="b_login" time="0.003" classname="Test.Day2"/>
  <system-out/>
  <testcase name="DefaultA" time="0.013" classname="Test.Day2"/>
  <system-out/>
  <testcase name="a_login" time="0.003" classname="Test.Day2"/>
  <system-out/>
</testsuite> <!-- Test.Day2 -->
