<?xml version="1.0" encoding="UTF-8"?>
<!-- Generated by org.testng.reporters.JUnitReportReporter -->
<testsuite skipped="0" hostname="IN-SANGITASA" name="Test.Day1" tests="6" failures="0" timestamp="2021-02-26T00:20:50 IST" time="0.074" errors="0">
  <testcase name="ZZZ" time="0.016" classname="Test.Day1"/>
  <system-out/>
  <testcase name="YYY" time="0.018" classname="Test.Day1"/>
  <system-out/>
  <testcase name="YZAA" time="0.005" classname="Test.Day1"/>
  <system-out/>
  <testcase name="ZAA" time="0.020" classname="Test.Day1"/>
  <system-out/>
  <testcase name="a_login" time="0.010" classname="Test.Day1"/>
  <system-out/>
  <testcase name="login" time="0.005" classname="Test.Day1"/>
  <system-out/>
</testsuite> <!-- Test.Day1 -->
