<?xml version="1.0" encoding="UTF-8"?>
<!-- Generated by org.testng.reporters.JUnitReportReporter -->
<testsuite skipped="0" hostname="IN-SANGITASA" name="Test.Day3" tests="4" failures="0" timestamp="2021-02-26T00:25:25 IST" time="0.017" errors="0">
  <testcase name="b_login" time="0.011" classname="Test.Day3"/>
  <system-out/>
  <testcase name="ZZZ" time="0.001" classname="Test.Day3"/>
  <system-out/>
  <testcase name="a_logout" time="0.002" classname="Test.Day3"/>
  <system-out/>
  <testcase name="AAA" time="0.003" classname="Test.Day3"/>
  <system-out/>
</testsuite> <!-- Test.Day3 -->
