<?xml version="1.0" encoding="UTF-8"?>
<!-- Generated by org.testng.reporters.JUnitReportReporter -->
<testsuite skipped="0" hostname="IN-SANGITASA" name="Academy.HomePage" tests="2" failures="0" timestamp="2020-10-06T21:14:37 IST" time="20.609" errors="0">
  <testcase name="HomePageOpen" time="15.642" classname="Academy.HomePage"/>
  <system-out/>
  <testcase name="HomePageOpen" time="4.967" classname="Academy.HomePage"/>
  <system-out/>
</testsuite> <!-- Academy.HomePage -->
