<?xml version="1.0" encoding="UTF-8"?>
<!-- Generated by org.testng.reporters.JUnitReportReporter -->
<testsuite skipped="0" hostname="IN-SANGITASA" name="cucumberOption.TestRunner" tests="1" failures="0" timestamp="2020-10-12T01:25:05 IST" time="51.198" errors="0">
  <testcase name="feature" time="51.198" classname="cucumberOption.TestRunner"/>
  <system-out/>
</testsuite> <!-- cucumberOption.TestRunner -->
